<?xml version="1.0" encoding="UTF-8"?>
<testng-results ignored="0" total="1" passed="1" failed="0" skipped="0">
  <reporter-output>
  </reporter-output>
  <suite started-at="2022-10-15T17:24:23 IST" name="Default suite" finished-at="2022-10-15T17:24:55 IST" duration-ms="31434">
    <groups>
      <group name="cucumber">
        <method signature="AbstractTestNGCucumberTests.runScenario(io.cucumber.testng.PickleWrapper,io.cucumber.testng.FeatureWrapper)[pri:0, instance:Runner.Runner@3cebbb30]" name="runScenario" class="io.cucumber.testng.AbstractTestNGCucumberTests"/>
      </group> <!-- cucumber -->
    </groups>
    <test started-at="2022-10-15T17:24:23 IST" name="Default test" finished-at="2022-10-15T17:24:55 IST" duration-ms="31434">
      <class name="Runner.Runner">
        <test-method is-config="true" signature="setUpClass(org.testng.ITestContext)[pri:0, instance:Runner.Runner@3cebbb30]" started-at="2022-10-15T17:24:23 IST" name="setUpClass" finished-at="2022-10-15T17:24:24 IST" duration-ms="433" status="PASS">
          <params>
            <param index="0">
              <value>
                <![CDATA[org.testng.TestRunner@252f626c]]>
              </value>
            </param>
          </params>
          <reporter-output>
          </reporter-output>
        </test-method> <!-- setUpClass -->
        <test-method signature="runScenario(io.cucumber.testng.PickleWrapper,io.cucumber.testng.FeatureWrapper)[pri:0, instance:Runner.Runner@3cebbb30]" started-at="2022-10-15T17:24:24 IST" name="runScenario" description="Runs Cucumber Scenarios" data-provider="scenarios" finished-at="2022-10-15T17:24:55 IST" duration-ms="30864" status="PASS">
          <params>
            <param index="0">
              <value>
                <![CDATA["Compose an email"]]>
              </value>
            </param>
            <param index="1">
              <value>
                <![CDATA["Compose email functionality on gmail application"]]>
              </value>
            </param>
          </params>
          <reporter-output>
          </reporter-output>
        </test-method> <!-- runScenario -->
        <test-method is-config="true" signature="tearDownClass()[pri:0, instance:Runner.Runner@3cebbb30]" started-at="2022-10-15T17:24:55 IST" name="tearDownClass" finished-at="2022-10-15T17:24:55 IST" duration-ms="26" status="PASS">
          <reporter-output>
          </reporter-output>
        </test-method> <!-- tearDownClass -->
      </class> <!-- Runner.Runner -->
    </test> <!-- Default test -->
  </suite> <!-- Default suite -->
</testng-results>
